#
# There is insufficient memory for the Java Runtime Environment to continue.
# Native memory allocation (malloc) failed to allocate 1048576 bytes for AllocateHeap
# Possible reasons:
#   The system is out of physical RAM or swap space
#   The process is running with CompressedOops enabled, and the Java Heap may be blocking the growth of the native heap
# Possible solutions:
#   Reduce memory load on the system
#   Increase physical memory or swap space
#   Check if swap backing store is full
#   Decrease Java heap size (-Xmx/-Xms)
#   Decrease number of Java threads
#   Decrease Java thread stack sizes (-Xss)
#   Set larger code cache with -XX:ReservedCodeCacheSize=
#   JVM is running with Unscaled Compressed Oops mode in which the Java heap is
#     placed in the first 4GB address space. The Java Heap base address is the
#     maximum limit for the native heap growth. Please use -XX:HeapBaseMinAddress
#     to set the Java Heap base and to place the Java Heap above 4GB virtual address.
# This output file may be truncated or incomplete.
#
#  Out of Memory Error (allocation.cpp:44), pid=2860, tid=12112
#
# JRE version: OpenJDK Runtime Environment Temurin-17.0.2+8 (17.0.2+8) (build 17.0.2+8)
# Java VM: OpenJDK 64-Bit Server VM Temurin-17.0.2+8 (17.0.2+8, mixed mode, emulated-client, tiered, compressed oops, compressed class ptrs, g1 gc, windows-amd64)
# No core dump will be written. Minidumps are not enabled by default on client versions of Windows
#

---------------  S U M M A R Y ------------

Command Line: -Dsts.lsp.client=vscode -Dsts.log.file=/dev/null -XX:TieredStopAtLevel=1 -Dspring.config.location=file:c:\Users\Home\.vscode\extensions\pivotal.vscode-spring-boot-1.33.0\language-server\BOOT-INF\classes\application.properties org.springframework.ide.vscode.boot.app.BootLanguageServerBootApp

Host: AMD Ryzen 5 3500U with Radeon Vega Mobile Gfx  , 8 cores, 5G,  Windows 10 , 64 bit Build 19041 (10.0.19041.1645)
Time: Fri May  6 19:19:08 2022 RTZ 2 (s 10 , 64 bit Build 19041 (10.0.19041.1645) elapsed time: 997.112588 seconds (0d 0h 16m 37s)

---------------  T H R E A D  ---------------

Current thread (0x000001471a7e31f0):  VMThread "VM Thread" [stack: 0x0000002c8e700000,0x0000002c8e800000] [id=12112]

Stack: [0x0000002c8e700000,0x0000002c8e800000]
Native frames: (J=compiled Java code, j=interpreted, Vv=VM code, C=native code)
V  [jvm.dll+0x67564a]
V  [jvm.dll+0x82fc04]
V  [jvm.dll+0x8313ae]
V  [jvm.dll+0x831a13]
V  [jvm.dll+0x245235]
V  [jvm.dll+0xa6393]
V  [jvm.dll+0x2f5233]
V  [jvm.dll+0x2f0f70]
V  [jvm.dll+0x2d96c7]
V  [jvm.dll+0x31c6b7]
V  [jvm.dll+0x835ebb]
V  [jvm.dll+0x836bf4]
V  [jvm.dll+0x83710c]
V  [jvm.dll+0x8374e4]
V  [jvm.dll+0x8375b0]
V  [jvm.dll+0x7dff2a]
V  [jvm.dll+0x6744d5]
C  [ucrtbase.dll+0x21bb2]
C  [KERNEL32.DLL+0x17034]
C  [ntdll.dll+0x52651]

VM_Operation (0x0000002c8fffed10): G1CollectFull, mode: safepoint, requested by thread 0x000001471bf33050


---------------  P R O C E S S  ---------------

Threads class SMR info:
_java_thread_list=0x000001471e6f67f0, length=21, elements={
0x000001471a839760, 0x000001471a83b5e0, 0x000001471a863b40, 0x000001471a8659c0,
0x000001471a871770, 0x000001471a872030, 0x000001471a8728f0, 0x000001471a8731f0,
0x000001471b53d060, 0x000001471b565b50, 0x000001471bf33050, 0x000001471bc3b670,
0x000001470e823600, 0x000001471d953cc0, 0x000001471dbb1570, 0x000001471dbd1640,
0x000001471dbeea40, 0x000001471dc0c730, 0x000001471dc27c40, 0x000001471dc28110,
0x000001471dc272a0
}

Java Threads: ( => current thread )
  0x000001471a839760 JavaThread "Reference Handler" daemon [_thread_blocked, id=3752, stack(0x0000002c8e800000,0x0000002c8e900000)]
  0x000001471a83b5e0 JavaThread "Finalizer" daemon [_thread_blocked, id=3040, stack(0x0000002c8e900000,0x0000002c8ea00000)]
  0x000001471a863b40 JavaThread "Signal Dispatcher" daemon [_thread_blocked, id=11716, stack(0x0000002c8ea00000,0x0000002c8eb00000)]
  0x000001471a8659c0 JavaThread "Attach Listener" daemon [_thread_blocked, id=8112, stack(0x0000002c8eb00000,0x0000002c8ec00000)]
  0x000001471a871770 JavaThread "Service Thread" daemon [_thread_blocked, id=9776, stack(0x0000002c8ec00000,0x0000002c8ed00000)]
  0x000001471a872030 JavaThread "Monitor Deflation Thread" daemon [_thread_blocked, id=15436, stack(0x0000002c8ed00000,0x0000002c8ee00000)]
  0x000001471a8728f0 JavaThread "C1 CompilerThread0" daemon [_thread_blocked, id=16012, stack(0x0000002c8ee00000,0x0000002c8ef00000)]
  0x000001471a8731f0 JavaThread "Sweeper thread" daemon [_thread_blocked, id=15984, stack(0x0000002c8ef00000,0x0000002c8f000000)]
  0x000001471b53d060 JavaThread "Notification Thread" daemon [_thread_blocked, id=1228, stack(0x0000002c8f100000,0x0000002c8f200000)]
  0x000001471b565b50 JavaThread "Common-Cleaner" daemon [_thread_blocked, id=8140, stack(0x0000002c8f300000,0x0000002c8f400000)]
  0x000001471bf33050 JavaThread "pool-7-thread-1" [_thread_blocked, id=12788, stack(0x0000002c8ff00000,0x0000002c90000000)]
  0x000001471bc3b670 JavaThread "LanguageServerApp-lifecycle" [_thread_blocked, id=13300, stack(0x0000002c90000000,0x0000002c90100000)]
  0x000001470e823600 JavaThread "DestroyJavaVM" [_thread_blocked, id=4832, stack(0x0000002c8e100000,0x0000002c8e200000)]
  0x000001471d953cc0 JavaThread "pool-8-thread-1" [_thread_in_native, id=15052, stack(0x0000002c90100000,0x0000002c90200000)]
  0x000001471dbb1570 JavaThread "Simple-Language-Server main thread" daemon [_thread_blocked, id=14384, stack(0x0000002c90200000,0x0000002c90300000)]
  0x000001471dbd1640 JavaThread "pool-5-thread-1" [_thread_blocked, id=8424, stack(0x0000002c90300000,0x0000002c90400000)]
  0x000001471dbeea40 JavaThread "Reconciler-1" [_thread_blocked, id=15580, stack(0x0000002c90400000,0x0000002c90500000)]
  0x000001471dc0c730 JavaThread "parallel-1" daemon [_thread_blocked, id=3244, stack(0x0000002c90500000,0x0000002c90600000)]
  0x000001471dc27c40 JavaThread "pool-3-thread-1" [_thread_blocked, id=13640, stack(0x0000002c90800000,0x0000002c90900000)]
  0x000001471dc28110 JavaThread "pool-2-thread-4" [_thread_blocked, id=15712, stack(0x0000002c8df00000,0x0000002c8e000000)]
  0x000001471dc272a0 JavaThread "pool-2-thread-6" [_thread_blocked, id=9132, stack(0x0000002c8f400000,0x0000002c8f500000)]

Other Threads:
=>0x000001471a7e31f0 VMThread "VM Thread" [stack: 0x0000002c8e700000,0x0000002c8e800000] [id=12112]
  0x000001471b561020 WatcherThread [stack: 0x0000002c8f200000,0x0000002c8f300000] [id=15328]
  0x000001470e854e80 GCTaskThread "GC Thread#0" [stack: 0x0000002c8e200000,0x0000002c8e300000] [id=11304]
  0x000001471baeb0a0 GCTaskThread "GC Thread#1" [stack: 0x0000002c8f600000,0x0000002c8f700000] [id=14380]
  0x000001471baf89d0 GCTaskThread "GC Thread#2" [stack: 0x0000002c8f700000,0x0000002c8f800000] [id=12692]
  0x000001471baf8c80 GCTaskThread "GC Thread#3" [stack: 0x0000002c8f800000,0x0000002c8f900000] [id=13532]
  0x000001471b9a5b00 GCTaskThread "GC Thread#4" [stack: 0x0000002c8f900000,0x0000002c8fa00000] [id=7816]
  0x000001471b9a5db0 GCTaskThread "GC Thread#5" [stack: 0x0000002c8fa00000,0x0000002c8fb00000] [id=12684]
  0x000001471b9a6c80 GCTaskThread "GC Thread#6" [stack: 0x0000002c8fb00000,0x0000002c8fc00000] [id=2804]
  0x000001471bf95030 GCTaskThread "GC Thread#7" [stack: 0x0000002c8fd00000,0x0000002c8fe00000] [id=2896]
  0x000001470e862b50 ConcurrentGCThread "G1 Main Marker" [stack: 0x0000002c8e300000,0x0000002c8e400000] [id=2052]
  0x000001470e865980 ConcurrentGCThread "G1 Conc#0" [stack: 0x0000002c8e400000,0x0000002c8e500000] [id=12948]
  0x000001471d977ae0 ConcurrentGCThread "G1 Conc#1" [stack: 0x0000002c8fe00000,0x0000002c8ff00000] [id=11752]
  0x000001470e8dc020 ConcurrentGCThread "G1 Refine#0" [stack: 0x0000002c8e500000,0x0000002c8e600000] [id=6568]
  0x000001470e8dca40 ConcurrentGCThread "G1 Service" [stack: 0x0000002c8e600000,0x0000002c8e700000] [id=13948]

Threads with active compile tasks:

VM state: at safepoint (normal execution)

VM Mutex/Monitor currently owned by a thread:  ([mutex/lock_event])
[0x000001470e81f830] Threads_lock - owner thread: 0x000001471a7e31f0
[0x000001470e81f560] Heap_lock - owner thread: 0x000001471bf33050

Heap address: 0x00000000a1400000, size: 1516 MB, Compressed Oops mode: 32-bit

CDS archive(s) not mapped
Compressed class space mapped at: 0x0000000100000000-0x0000000140000000, reserved size: 1073741824
Narrow klass base: 0x0000000000000000, Narrow klass shift: 3, Narrow klass range: 0x140000000

GC Precious Log:
 CPUs: 8 total, 8 available
 Memory: 6061M
 Large Page Support: Disabled
 NUMA Support: Disabled
 Compressed Oops: Enabled (32-bit)
 Heap Region Size: 1M
 Heap Min Capacity: 8M
 Heap Initial Capacity: 96M
 Heap Max Capacity: 1516M
 Pre-touch: Disabled
 Parallel Workers: 8
 Concurrent Workers: 2
 Concurrent Refinement Workers: 8
 Periodic GC: Disabled

Heap:
 garbage-first heap   total 71680K, used 31478K [0x00000000a1400000, 0x0000000100000000)
  region size 1024K, 11 young (11264K), 2 survivors (2048K)
 Metaspace       used 39800K, committed 40128K, reserved 1089536K
  class space    used 5025K, committed 5184K, reserved 1048576K

Heap Regions: E=young(eden), S=young(survivor), O=old, HS=humongous(starts), HC=humongous(continues), CS=collection set, F=free, OA=open archive, CA=closed archive, TAMS=top-at-mark-start (previous, next)
|   0|0x00000000a1400000, 0x00000000a1500000, 0x00000000a1500000|100%| O|  |TAMS 0x00000000a1500000, 0x00000000a1400000| Untracked 
|   1|0x00000000a1500000, 0x00000000a15fffe0, 0x00000000a1600000| 99%| O|  |TAMS 0x00000000a15fffe0, 0x00000000a1500000| Untracked 
|   2|0x00000000a1600000, 0x00000000a16ffff8, 0x00000000a1700000| 99%| O|  |TAMS 0x00000000a16ffff8, 0x00000000a1600000| Untracked 
|   3|0x00000000a1700000, 0x00000000a17feeb8, 0x00000000a1800000| 99%| O|  |TAMS 0x00000000a17feeb8, 0x00000000a1700000| Untracked 
|   4|0x00000000a1800000, 0x00000000a1900000, 0x00000000a1900000|100%| O|  |TAMS 0x00000000a1900000, 0x00000000a1800000| Untracked 
|   5|0x00000000a1900000, 0x00000000a19fffb0, 0x00000000a1a00000| 99%| O|  |TAMS 0x00000000a19fffb0, 0x00000000a1900000| Untracked 
|   6|0x00000000a1a00000, 0x00000000a1afffc0, 0x00000000a1b00000| 99%| O|  |TAMS 0x00000000a1afffc0, 0x00000000a1a00000| Untracked 
|   7|0x00000000a1b00000, 0x00000000a1bffff8, 0x00000000a1c00000| 99%| O|  |TAMS 0x00000000a1bffff8, 0x00000000a1b00000| Untracked 
|   8|0x00000000a1c00000, 0x00000000a1cffff8, 0x00000000a1d00000| 99%| O|  |TAMS 0x00000000a1cffff8, 0x00000000a1c00000| Untracked 
|   9|0x00000000a1d00000, 0x00000000a1e00000, 0x00000000a1e00000|100%| O|  |TAMS 0x00000000a1e00000, 0x00000000a1d00000| Untracked 
|  10|0x00000000a1e00000, 0x00000000a1ef2aa0, 0x00000000a1f00000| 94%| O|  |TAMS 0x00000000a1e00000, 0x00000000a1e00000| Untracked 
|  11|0x00000000a1f00000, 0x00000000a1fffff8, 0x00000000a2000000| 99%| O|  |TAMS 0x00000000a1fffff8, 0x00000000a1f00000| Untracked 
|  12|0x00000000a2000000, 0x00000000a20fb9a8, 0x00000000a2100000| 98%| O|  |TAMS 0x00000000a20fb9a8, 0x00000000a2000000| Untracked 
|  13|0x00000000a2100000, 0x00000000a21ffff0, 0x00000000a2200000| 99%| O|  |TAMS 0x00000000a21ffff0, 0x00000000a2100000| Untracked 
|  14|0x00000000a2200000, 0x00000000a22f3988, 0x00000000a2300000| 95%| O|  |TAMS 0x00000000a22f3988, 0x00000000a2200000| Untracked 
|  15|0x00000000a2300000, 0x00000000a2400000, 0x00000000a2400000|100%|HS|  |TAMS 0x00000000a2400000, 0x00000000a2300000| Untracked 
|  16|0x00000000a2400000, 0x00000000a24b50f0, 0x00000000a2500000| 70%| O|  |TAMS 0x00000000a2400000, 0x00000000a2400000| Untracked 
|  17|0x00000000a2500000, 0x00000000a25fffc8, 0x00000000a2600000| 99%| O|  |TAMS 0x00000000a25fffc8, 0x00000000a2500000| Untracked 
|  18|0x00000000a2600000, 0x00000000a2700000, 0x00000000a2700000|100%| O|  |TAMS 0x00000000a2700000, 0x00000000a2600000| Untracked 
|  19|0x00000000a2700000, 0x00000000a2800000, 0x00000000a2800000|100%| O|  |TAMS 0x00000000a2800000, 0x00000000a2700000| Untracked 
|  20|0x00000000a2800000, 0x00000000a2900000, 0x00000000a2900000|100%| O|  |TAMS 0x00000000a2800000, 0x00000000a2800000| Untracked 
|  21|0x00000000a2900000, 0x00000000a29f7088, 0x00000000a2a00000| 96%| O|  |TAMS 0x00000000a29f7088, 0x00000000a2900000| Untracked 
|  22|0x00000000a2a00000, 0x00000000a2a28600, 0x00000000a2b00000| 15%| O|  |TAMS 0x00000000a2a00000, 0x00000000a2a00000| Untracked 
|  23|0x00000000a2b00000, 0x00000000a2b00000, 0x00000000a2c00000|  0%| F|  |TAMS 0x00000000a2b00000, 0x00000000a2b00000| Untracked 
|  24|0x00000000a2c00000, 0x00000000a2c00000, 0x00000000a2d00000|  0%| F|  |TAMS 0x00000000a2c00000, 0x00000000a2c00000| Untracked 
|  25|0x00000000a2d00000, 0x00000000a2d00000, 0x00000000a2e00000|  0%| F|  |TAMS 0x00000000a2d00000, 0x00000000a2d00000| Untracked 
|  26|0x00000000a2e00000, 0x00000000a2e00000, 0x00000000a2f00000|  0%| F|  |TAMS 0x00000000a2e00000, 0x00000000a2e00000| Untracked 
|  27|0x00000000a2f00000, 0x00000000a2f00000, 0x00000000a3000000|  0%| F|  |TAMS 0x00000000a2f00000, 0x00000000a2f00000| Untracked 
|  28|0x00000000a3000000, 0x00000000a3000000, 0x00000000a3100000|  0%| F|  |TAMS 0x00000000a3000000, 0x00000000a3000000| Untracked 
|  29|0x00000000a3100000, 0x00000000a3100000, 0x00000000a3200000|  0%| F|  |TAMS 0x00000000a3100000, 0x00000000a3100000| Untracked 
|  30|0x00000000a3200000, 0x00000000a3200000, 0x00000000a3300000|  0%| F|  |TAMS 0x00000000a3200000, 0x00000000a3200000| Untracked 
|  31|0x00000000a3300000, 0x00000000a3300000, 0x00000000a3400000|  0%| F|  |TAMS 0x00000000a3300000, 0x00000000a3300000| Untracked 
|  32|0x00000000a3400000, 0x00000000a34086f0, 0x00000000a3500000|  3%| S|CS|TAMS 0x00000000a3400000, 0x00000000a3400000| Complete 
|  33|0x00000000a3500000, 0x00000000a3600000, 0x00000000a3600000|100%| S|CS|TAMS 0x00000000a3500000, 0x00000000a3500000| Complete 
|  34|0x00000000a3600000, 0x00000000a3600000, 0x00000000a3700000|  0%| F|  |TAMS 0x00000000a3600000, 0x00000000a3600000| Untracked 
|  35|0x00000000a3700000, 0x00000000a3700000, 0x00000000a3800000|  0%| F|  |TAMS 0x00000000a3700000, 0x00000000a3700000| Untracked 
|  36|0x00000000a3800000, 0x00000000a3800000, 0x00000000a3900000|  0%| F|  |TAMS 0x00000000a3800000, 0x00000000a3800000| Untracked 
|  37|0x00000000a3900000, 0x00000000a3900000, 0x00000000a3a00000|  0%| F|  |TAMS 0x00000000a3900000, 0x00000000a3900000| Untracked 
|  38|0x00000000a3a00000, 0x00000000a3a00000, 0x00000000a3b00000|  0%| F|  |TAMS 0x00000000a3a00000, 0x00000000a3a00000| Untracked 
|  39|0x00000000a3b00000, 0x00000000a3b00000, 0x00000000a3c00000|  0%| F|  |TAMS 0x00000000a3b00000, 0x00000000a3b00000| Untracked 
|  40|0x00000000a3c00000, 0x00000000a3c00000, 0x00000000a3d00000|  0%| F|  |TAMS 0x00000000a3c00000, 0x00000000a3c00000| Untracked 
|  41|0x00000000a3d00000, 0x00000000a3d00000, 0x00000000a3e00000|  0%| F|  |TAMS 0x00000000a3d00000, 0x00000000a3d00000| Untracked 
|  42|0x00000000a3e00000, 0x00000000a3e00000, 0x00000000a3f00000|  0%| F|  |TAMS 0x00000000a3e00000, 0x00000000a3e00000| Untracked 
|  43|0x00000000a3f00000, 0x00000000a3f00000, 0x00000000a4000000|  0%| F|  |TAMS 0x00000000a3f00000, 0x00000000a3f00000| Untracked 
|  44|0x00000000a4000000, 0x00000000a4000000, 0x00000000a4100000|  0%| F|  |TAMS 0x00000000a4000000, 0x00000000a4000000| Untracked 
|  45|0x00000000a4100000, 0x00000000a4100000, 0x00000000a4200000|  0%| F|  |TAMS 0x00000000a4100000, 0x00000000a4100000| Untracked 
|  46|0x00000000a4200000, 0x00000000a4200000, 0x00000000a4300000|  0%| F|  |TAMS 0x00000000a4200000, 0x00000000a4200000| Untracked 
|  47|0x00000000a4300000, 0x00000000a4300000, 0x00000000a4400000|  0%| F|  |TAMS 0x00000000a4300000, 0x00000000a4300000| Untracked 
|  48|0x00000000a4400000, 0x00000000a4400000, 0x00000000a4500000|  0%| F|  |TAMS 0x00000000a4400000, 0x00000000a4400000| Untracked 
|  49|0x00000000a4500000, 0x00000000a4500000, 0x00000000a4600000|  0%| F|  |TAMS 0x00000000a4500000, 0x00000000a4500000| Untracked 
|  50|0x00000000a4600000, 0x00000000a4600000, 0x00000000a4700000|  0%| F|  |TAMS 0x00000000a4600000, 0x00000000a4600000| Untracked 
|  51|0x00000000a4700000, 0x00000000a4700000, 0x00000000a4800000|  0%| F|  |TAMS 0x00000000a4700000, 0x00000000a4700000| Untracked 
|  52|0x00000000a4800000, 0x00000000a4800000, 0x00000000a4900000|  0%| F|  |TAMS 0x00000000a4800000, 0x00000000a4800000| Untracked 
|  53|0x00000000a4900000, 0x00000000a4900000, 0x00000000a4a00000|  0%| F|  |TAMS 0x00000000a4900000, 0x00000000a4900000| Untracked 
|  54|0x00000000a4a00000, 0x00000000a4a00000, 0x00000000a4b00000|  0%| F|  |TAMS 0x00000000a4a00000, 0x00000000a4a00000| Untracked 
|  55|0x00000000a4b00000, 0x00000000a4b00000, 0x00000000a4c00000|  0%| F|  |TAMS 0x00000000a4b00000, 0x00000000a4b00000| Untracked 
|  56|0x00000000a4c00000, 0x00000000a4c00000, 0x00000000a4d00000|  0%| F|  |TAMS 0x00000000a4c00000, 0x00000000a4c00000| Untracked 
|  57|0x00000000a4d00000, 0x00000000a4d00000, 0x00000000a4e00000|  0%| F|  |TAMS 0x00000000a4d00000, 0x00000000a4d00000| Untracked 
|  58|0x00000000a4e00000, 0x00000000a4e00000, 0x00000000a4f00000|  0%| F|  |TAMS 0x00000000a4e00000, 0x00000000a4e00000| Untracked 
|  59|0x00000000a4f00000, 0x00000000a4f00000, 0x00000000a5000000|  0%| F|  |TAMS 0x00000000a4f00000, 0x00000000a4f00000| Untracked 
|  60|0x00000000a5000000, 0x00000000a5000000, 0x00000000a5100000|  0%| F|  |TAMS 0x00000000a5000000, 0x00000000a5000000| Untracked 
|  61|0x00000000a5100000, 0x00000000a5185860, 0x00000000a5200000| 52%| E|  |TAMS 0x00000000a5100000, 0x00000000a5100000| Complete 
|  62|0x00000000a5200000, 0x00000000a5300000, 0x00000000a5300000|100%| E|CS|TAMS 0x00000000a5200000, 0x00000000a5200000| Complete 
|  63|0x00000000a5300000, 0x00000000a5400000, 0x00000000a5400000|100%| E|CS|TAMS 0x00000000a5300000, 0x00000000a5300000| Complete 
|  64|0x00000000a5400000, 0x00000000a5500000, 0x00000000a5500000|100%| E|CS|TAMS 0x00000000a5400000, 0x00000000a5400000| Complete 
|  65|0x00000000a5500000, 0x00000000a5600000, 0x00000000a5600000|100%| E|CS|TAMS 0x00000000a5500000, 0x00000000a5500000| Complete 
|  66|0x00000000a5600000, 0x00000000a5700000, 0x00000000a5700000|100%| E|CS|TAMS 0x00000000a5600000, 0x00000000a5600000| Complete 
|  67|0x00000000a5700000, 0x00000000a5800000, 0x00000000a5800000|100%| E|CS|TAMS 0x00000000a5700000, 0x00000000a5700000| Complete 
|  68|0x00000000a5800000, 0x00000000a5900000, 0x00000000a5900000|100%| E|CS|TAMS 0x00000000a5800000, 0x00000000a5800000| Complete 
|  69|0x00000000a5900000, 0x00000000a5a00000, 0x00000000a5a00000|100%| E|CS|TAMS 0x00000000a5900000, 0x00000000a5900000| Complete 

Card table byte_map: [0x00000147148c0000,0x0000014714bc0000] _byte_map_base: 0x00000147143b6000

Marking Bits (Prev, Next): (CMBitMap*) 0x000001470e8564e0, (CMBitMap*) 0x000001470e8564a0
 Prev Bits: [0x0000014716670000, 0x0000014717e20000)
 Next Bits: [0x0000014714ec0000, 0x0000014716670000)

Polling page: 0x000001470c7b0000

Metaspace:

Usage:
  Non-class:     33.96 MB used.
      Class:      4.91 MB used.
       Both:     38.87 MB used.

Virtual space:
  Non-class space:       40.00 MB reserved,      34.12 MB ( 85%) committed,  5 nodes.
      Class space:        1.00 GB reserved,       5.06 MB ( <1%) committed,  1 nodes.
             Both:        1.04 GB reserved,      39.19 MB (  4%) committed. 

Chunk freelists:
   Non-Class:  1.58 MB
       Class:  2.89 MB
        Both:  4.47 MB

MaxMetaspaceSize: unlimited
CompressedClassSpaceSize: 1.00 GB
Initial GC threshold: 21.00 MB
Current GC threshold: 63.69 MB
CDS: off
MetaspaceReclaimPolicy: balanced
 - commit_granule_bytes: 65536.
 - commit_granule_words: 8192.
 - virtual_space_node_default_size: 1048576.
 - enlarge_chunks_in_place: 1.
 - new_chunks_are_fully_committed: 0.
 - uncommit_free_chunks: 1.
 - use_allocation_guard: 0.
 - handle_deallocations: 1.


Internal statistics:

num_allocs_failed_limit: 3.
num_arena_births: 430.
num_arena_deaths: 98.
num_vsnodes_births: 6.
num_vsnodes_deaths: 0.
num_space_committed: 627.
num_space_uncommitted: 0.
num_chunks_returned_to_freelist: 108.
num_chunks_taken_from_freelist: 1670.
num_chunk_merges: 33.
num_chunk_splits: 1106.
num_chunks_enlarged: 832.
num_purges: 8.
num_inconsistent_stats: 0.

CodeCache: size=49152Kb used=13072Kb max_used=13834Kb free=36079Kb
 bounds [0x00000147114b0000, 0x0000014712290000, 0x00000147144b0000]
 total_blobs=7112 nmethods=6557 adapters=479
 compilation: enabled
              stopped_count=0, restarted_count=0
 full_count=0

Compilation events (20 events):
Event: 963.902 Thread 0x000001471a8728f0 6549       1       org.eclipse.jdt.internal.compiler.lookup.ParameterizedTypeBinding::uncapture (106 bytes)
Event: 963.904 Thread 0x000001471a8728f0 nmethod 6549 0x0000014712130290 code [0x0000014712130480, 0x0000014712130928]
Event: 963.904 Thread 0x000001471a8728f0 6552       1       org.eclipse.jdt.internal.compiler.lookup.Scope::findMethodInSuperInterfaces (404 bytes)
Event: 963.906 Thread 0x000001471a8728f0 nmethod 6552 0x000001471212e990 code [0x000001471212ec80, 0x000001471212f908]
Event: 963.906 Thread 0x000001471a8728f0 6550       1       org.eclipse.jdt.internal.compiler.lookup.ParameterizedTypeBinding::capture (8 bytes)
Event: 963.906 Thread 0x000001471a8728f0 nmethod 6550 0x0000014712136a10 code [0x0000014712136ba0, 0x0000014712136c88]
Event: 963.906 Thread 0x000001471a8728f0 6551       1       org.eclipse.jdt.internal.compiler.lookup.ParameterizedTypeBinding::capture (303 bytes)
Event: 963.907 Thread 0x000001471a8728f0 nmethod 6551 0x000001471212d390 code [0x000001471212d5e0, 0x000001471212e0f8]
Event: 963.908 Thread 0x000001471a8728f0 6553       1       org.eclipse.jdt.core.dom.MethodInvocation::getNodeType0 (3 bytes)
Event: 963.908 Thread 0x000001471a8728f0 nmethod 6553 0x0000014712136590 code [0x0000014712136720, 0x00000147121367f8]
Event: 964.308 Thread 0x000001471a8728f0 6554       1       org.eclipse.jdt.core.dom.MethodInvocation::arguments (5 bytes)
Event: 964.309 Thread 0x000001471a8728f0 nmethod 6554 0x000001471212d090 code [0x000001471212d220, 0x000001471212d2f8]
Event: 964.309 Thread 0x000001471a8728f0 6555   !   1       java.util.Collections$SynchronizedCollection::toArray (25 bytes)
Event: 964.309 Thread 0x000001471a8728f0 nmethod 6555 0x000001471212cc10 code [0x000001471212cdc0, 0x000001471212cf88]
Event: 964.309 Thread 0x000001471a8728f0 6558       1       org.springframework.ide.vscode.commons.util.text.linetracker.ListLineTracker::findLine (164 bytes)
Event: 964.310 Thread 0x000001471a8728f0 nmethod 6558 0x000001471212c410 code [0x000001471212c600, 0x000001471212c978]
Event: 964.310 Thread 0x000001471a8728f0 6556       1       org.springframework.ide.vscode.commons.util.text.linetracker.AbstractLineTracker::getLineNumberOfOffset (15 bytes)
Event: 964.310 Thread 0x000001471a8728f0 nmethod 6556 0x000001471212c090 code [0x000001471212c240, 0x000001471212c378]
Event: 964.310 Thread 0x000001471a8728f0 6557       1       org.springframework.ide.vscode.commons.util.text.linetracker.ListLineTracker::getLineNumberOfOffset (81 bytes)
Event: 964.311 Thread 0x000001471a8728f0 nmethod 6557 0x000001471212ba90 code [0x000001471212bc60, 0x000001471212bef8]

GC Heap History (20 events):
Event: 911.760 GC heap before
{Heap before GC invocations=89 (full 47):
 garbage-first heap   total 71680K, used 57766K [0x00000000a1400000, 0x0000000100000000)
  region size 1024K, 35 young (35840K), 2 survivors (2048K)
 Metaspace       used 39796K, committed 40128K, reserved 1089536K
  class space    used 5024K, committed 5184K, reserved 1048576K
}
Event: 911.763 GC heap after
{Heap after GC invocations=90 (full 47):
 garbage-first heap   total 71680K, used 22948K [0x00000000a1400000, 0x0000000100000000)
  region size 1024K, 1 young (1024K), 1 survivors (1024K)
 Metaspace       used 39796K, committed 40128K, reserved 1089536K
  class space    used 5024K, committed 5184K, reserved 1048576K
}
Event: 914.802 GC heap before
{Heap before GC invocations=90 (full 47):
 garbage-first heap   total 71680K, used 58788K [0x00000000a1400000, 0x0000000100000000)
  region size 1024K, 36 young (36864K), 1 survivors (1024K)
 Metaspace       used 39796K, committed 40128K, reserved 1089536K
  class space    used 5024K, committed 5184K, reserved 1048576K
}
Event: 914.806 GC heap after
{Heap after GC invocations=91 (full 47):
 garbage-first heap   total 71680K, used 22999K [0x00000000a1400000, 0x0000000100000000)
  region size 1024K, 1 young (1024K), 1 survivors (1024K)
 Metaspace       used 39796K, committed 40128K, reserved 1089536K
  class space    used 5024K, committed 5184K, reserved 1048576K
}
Event: 917.061 GC heap before
{Heap before GC invocations=91 (full 47):
 garbage-first heap   total 71680K, used 58839K [0x00000000a1400000, 0x0000000100000000)
  region size 1024K, 36 young (36864K), 1 survivors (1024K)
 Metaspace       used 39796K, committed 40128K, reserved 1089536K
  class space    used 5024K, committed 5184K, reserved 1048576K
}
Event: 917.064 GC heap after
{Heap after GC invocations=92 (full 47):
 garbage-first heap   total 71680K, used 23621K [0x00000000a1400000, 0x0000000100000000)
  region size 1024K, 2 young (2048K), 2 survivors (2048K)
 Metaspace       used 39796K, committed 40128K, reserved 1089536K
  class space    used 5024K, committed 5184K, reserved 1048576K
}
Event: 920.076 GC heap before
{Heap before GC invocations=92 (full 47):
 garbage-first heap   total 71680K, used 58437K [0x00000000a1400000, 0x0000000100000000)
  region size 1024K, 36 young (36864K), 2 survivors (2048K)
 Metaspace       used 39796K, committed 40128K, reserved 1089536K
  class space    used 5024K, committed 5184K, reserved 1048576K
}
Event: 920.078 GC heap after
{Heap after GC invocations=93 (full 47):
 garbage-first heap   total 71680K, used 23015K [0x00000000a1400000, 0x0000000100000000)
  region size 1024K, 1 young (1024K), 1 survivors (1024K)
 Metaspace       used 39796K, committed 40128K, reserved 1089536K
  class space    used 5024K, committed 5184K, reserved 1048576K
}
Event: 925.856 GC heap before
{Heap before GC invocations=93 (full 47):
 garbage-first heap   total 71680K, used 58855K [0x00000000a1400000, 0x0000000100000000)
  region size 1024K, 36 young (36864K), 1 survivors (1024K)
 Metaspace       used 39796K, committed 40128K, reserved 1089536K
  class space    used 5024K, committed 5184K, reserved 1048576K
}
Event: 925.858 GC heap after
{Heap after GC invocations=94 (full 47):
 garbage-first heap   total 71680K, used 23176K [0x00000000a1400000, 0x0000000100000000)
  region size 1024K, 1 young (1024K), 1 survivors (1024K)
 Metaspace       used 39796K, committed 40128K, reserved 1089536K
  class space    used 5024K, committed 5184K, reserved 1048576K
}
Event: 929.314 GC heap before
{Heap before GC invocations=94 (full 47):
 garbage-first heap   total 71680K, used 59016K [0x00000000a1400000, 0x0000000100000000)
  region size 1024K, 36 young (36864K), 1 survivors (1024K)
 Metaspace       used 39798K, committed 40128K, reserved 1089536K
  class space    used 5025K, committed 5184K, reserved 1048576K
}
Event: 929.317 GC heap after
{Heap after GC invocations=95 (full 47):
 garbage-first heap   total 71680K, used 23363K [0x00000000a1400000, 0x0000000100000000)
  region size 1024K, 2 young (2048K), 2 survivors (2048K)
 Metaspace       used 39798K, committed 40128K, reserved 1089536K
  class space    used 5025K, committed 5184K, reserved 1048576K
}
Event: 932.750 GC heap before
{Heap before GC invocations=95 (full 47):
 garbage-first heap   total 71680K, used 58179K [0x00000000a1400000, 0x0000000100000000)
  region size 1024K, 36 young (36864K), 2 survivors (2048K)
 Metaspace       used 39800K, committed 40128K, reserved 1089536K
  class space    used 5025K, committed 5184K, reserved 1048576K
}
Event: 932.751 GC heap after
{Heap after GC invocations=96 (full 47):
 garbage-first heap   total 71680K, used 23212K [0x00000000a1400000, 0x0000000100000000)
  region size 1024K, 1 young (1024K), 1 survivors (1024K)
 Metaspace       used 39800K, committed 40128K, reserved 1089536K
  class space    used 5025K, committed 5184K, reserved 1048576K
}
Event: 936.275 GC heap before
{Heap before GC invocations=96 (full 47):
 garbage-first heap   total 71680K, used 59052K [0x00000000a1400000, 0x0000000100000000)
  region size 1024K, 36 young (36864K), 1 survivors (1024K)
 Metaspace       used 39800K, committed 40128K, reserved 1089536K
  class space    used 5025K, committed 5184K, reserved 1048576K
}
Event: 936.278 GC heap after
{Heap after GC invocations=97 (full 47):
 garbage-first heap   total 71680K, used 23497K [0x00000000a1400000, 0x0000000100000000)
  region size 1024K, 2 young (2048K), 2 survivors (2048K)
 Metaspace       used 39800K, committed 40128K, reserved 1089536K
  class space    used 5025K, committed 5184K, reserved 1048576K
}
Event: 961.642 GC heap before
{Heap before GC invocations=97 (full 47):
 garbage-first heap   total 71680K, used 58313K [0x00000000a1400000, 0x0000000100000000)
  region size 1024K, 36 young (36864K), 2 survivors (2048K)
 Metaspace       used 39800K, committed 40128K, reserved 1089536K
  class space    used 5025K, committed 5184K, reserved 1048576K
}
Event: 961.645 GC heap after
{Heap after GC invocations=98 (full 47):
 garbage-first heap   total 71680K, used 23763K [0x00000000a1400000, 0x0000000100000000)
  region size 1024K, 2 young (2048K), 2 survivors (2048K)
 Metaspace       used 39800K, committed 40128K, reserved 1089536K
  class space    used 5025K, committed 5184K, reserved 1048576K
}
Event: 964.270 GC heap before
{Heap before GC invocations=98 (full 47):
 garbage-first heap   total 71680K, used 58579K [0x00000000a1400000, 0x0000000100000000)
  region size 1024K, 36 young (36864K), 2 survivors (2048K)
 Metaspace       used 39800K, committed 40128K, reserved 1089536K
  class space    used 5025K, committed 5184K, reserved 1048576K
}
Event: 964.272 GC heap after
{Heap after GC invocations=99 (full 47):
 garbage-first heap   total 71680K, used 23286K [0x00000000a1400000, 0x0000000100000000)
  region size 1024K, 2 young (2048K), 2 survivors (2048K)
 Metaspace       used 39800K, committed 40128K, reserved 1089536K
  class space    used 5025K, committed 5184K, reserved 1048576K
}

Deoptimization events (20 events):
Event: 92.308 Thread 0x000001471dbeea40 DEOPT PACKING pc=0x0000014711e2d746 sp=0x0000002c904fd520
Event: 92.308 Thread 0x000001471dbeea40 DEOPT UNPACKING pc=0x0000014711502b43 sp=0x0000002c904fca10 mode 3
Event: 749.425 Thread 0x000001471dbeea40 DEOPT PACKING pc=0x00000147116ad7b4 sp=0x0000002c904fd940
Event: 749.425 Thread 0x000001471dbeea40 DEOPT UNPACKING pc=0x0000014711502b43 sp=0x0000002c904fceb0 mode 0
Event: 808.976 Thread 0x000001471dbeea40 DEOPT PACKING pc=0x0000014711fab63e sp=0x0000002c904fd000
Event: 808.976 Thread 0x000001471dbeea40 DEOPT UNPACKING pc=0x0000014711502b43 sp=0x0000002c904fc4f8 mode 3
Event: 811.676 Thread 0x000001471dc28110 DEOPT PACKING pc=0x0000014711e6ad79 sp=0x0000002c8dffd040
Event: 811.676 Thread 0x000001471dc28110 DEOPT UNPACKING pc=0x0000014711502b43 sp=0x0000002c8dffc518 mode 3
Event: 837.975 Thread 0x000001471dbeea40 DEOPT PACKING pc=0x000001471168c9a6 sp=0x0000002c904fda30
Event: 837.975 Thread 0x000001471dbeea40 DEOPT UNPACKING pc=0x0000014711502b43 sp=0x0000002c904fcfb8 mode 0
Event: 842.845 Thread 0x000001471dc28110 DEOPT PACKING pc=0x0000014711ebf720 sp=0x0000002c8dffdf70
Event: 842.845 Thread 0x000001471dc28110 DEOPT UNPACKING pc=0x0000014711502b43 sp=0x0000002c8dffd3f0 mode 3
Event: 913.291 Thread 0x000001471dbeea40 DEOPT PACKING pc=0x0000014712045d46 sp=0x0000002c904fdf30
Event: 913.291 Thread 0x000001471dbeea40 DEOPT UNPACKING pc=0x0000014711502b43 sp=0x0000002c904fd3f0 mode 3
Event: 926.966 Thread 0x000001471dbeea40 DEOPT PACKING pc=0x00000147121ebc0f sp=0x0000002c904fe160
Event: 926.966 Thread 0x000001471dbeea40 DEOPT UNPACKING pc=0x0000014711502b43 sp=0x0000002c904fd6b0 mode 3
Event: 930.983 Thread 0x000001471dbeea40 DEOPT PACKING pc=0x0000014712192c98 sp=0x0000002c904fe110
Event: 930.983 Thread 0x000001471dbeea40 DEOPT UNPACKING pc=0x0000014711502b43 sp=0x0000002c904fd608 mode 3
Event: 931.131 Thread 0x000001471dbeea40 DEOPT PACKING pc=0x00000147121d9611 sp=0x0000002c904fe300
Event: 931.131 Thread 0x000001471dbeea40 DEOPT UNPACKING pc=0x0000014711502b43 sp=0x0000002c904fd7d8 mode 3

Classes unloaded (20 events):
Event: 84.270 Thread 0x000001471a7e31f0 Unloading class 0x00000001002e1c00 'java/lang/invoke/LambdaForm$MH+0x00000001002e1c00'
Event: 84.270 Thread 0x000001471a7e31f0 Unloading class 0x00000001002e1800 'java/lang/invoke/LambdaForm$MH+0x00000001002e1800'
Event: 84.270 Thread 0x000001471a7e31f0 Unloading class 0x00000001002e1400 'java/lang/invoke/LambdaForm$MH+0x00000001002e1400'
Event: 84.270 Thread 0x000001471a7e31f0 Unloading class 0x00000001001de800 'java/lang/invoke/LambdaForm$MH+0x00000001001de800'
Event: 84.270 Thread 0x000001471a7e31f0 Unloading class 0x00000001001de400 'java/lang/invoke/LambdaForm$MH+0x00000001001de400'
Event: 84.270 Thread 0x000001471a7e31f0 Unloading class 0x00000001001de000 'java/lang/invoke/LambdaForm$MH+0x00000001001de000'
Event: 84.270 Thread 0x000001471a7e31f0 Unloading class 0x00000001001ddc00 'java/lang/invoke/LambdaForm$MH+0x00000001001ddc00'
Event: 84.270 Thread 0x000001471a7e31f0 Unloading class 0x00000001001dd800 'java/lang/invoke/LambdaForm$MH+0x00000001001dd800'
Event: 84.270 Thread 0x000001471a7e31f0 Unloading class 0x00000001001dd000 'java/lang/invoke/LambdaForm$MH+0x00000001001dd000'
Event: 84.270 Thread 0x000001471a7e31f0 Unloading class 0x00000001000ca800 'java/lang/invoke/LambdaForm$MH+0x00000001000ca800'
Event: 84.270 Thread 0x000001471a7e31f0 Unloading class 0x00000001000ca000 'java/lang/invoke/LambdaForm$MH+0x00000001000ca000'
Event: 84.270 Thread 0x000001471a7e31f0 Unloading class 0x00000001000c9c00 'java/lang/invoke/LambdaForm$MH+0x00000001000c9c00'
Event: 84.270 Thread 0x000001471a7e31f0 Unloading class 0x00000001000c9800 'java/lang/invoke/LambdaForm$MH+0x00000001000c9800'
Event: 84.270 Thread 0x000001471a7e31f0 Unloading class 0x00000001000c9000 'java/lang/invoke/LambdaForm$MH+0x00000001000c9000'
Event: 84.270 Thread 0x000001471a7e31f0 Unloading class 0x00000001000c8c00 'java/lang/invoke/LambdaForm$MH+0x00000001000c8c00'
Event: 84.270 Thread 0x000001471a7e31f0 Unloading class 0x00000001000c8800 'java/lang/invoke/LambdaForm$MH+0x00000001000c8800'
Event: 84.271 Thread 0x000001471a7e31f0 Unloading class 0x00000001000c8000 'java/lang/invoke/LambdaForm$MH+0x00000001000c8000'
Event: 264.826 Thread 0x000001471a7e31f0 Unloading class 0x00000001002e1400 'java/lang/invoke/LambdaForm$MH+0x00000001002e1400'
Event: 264.826 Thread 0x000001471a7e31f0 Unloading class 0x00000001002e2000 'java/lang/invoke/LambdaForm$MH+0x00000001002e2000'
Event: 264.826 Thread 0x000001471a7e31f0 Unloading class 0x0000000100318800 'java/lang/invoke/LambdaForm$MH+0x0000000100318800'

Classes redefined (0 events):
No events

Internal exceptions (20 events):
Event: 963.127 Thread 0x000001471dc28110 Exception <a 'java/lang/ArrayIndexOutOfBoundsException'{0x00000000a4820450}> (0x00000000a4820450) 
thrown [e:\jenkins\tmp\workspace\build\src\src\hotspot\share\runtime\sharedRuntime.cpp, line 628]
Event: 963.127 Thread 0x000001471dc28110 Exception <a 'java/lang/ArrayIndexOutOfBoundsException'{0x00000000a4820770}> (0x00000000a4820770) 
thrown [e:\jenkins\tmp\workspace\build\src\src\hotspot\share\runtime\sharedRuntime.cpp, line 628]
Event: 963.127 Thread 0x000001471dc28110 Exception <a 'java/lang/ArrayIndexOutOfBoundsException'{0x00000000a4820ac0}> (0x00000000a4820ac0) 
thrown [e:\jenkins\tmp\workspace\build\src\src\hotspot\share\runtime\sharedRuntime.cpp, line 628]
Event: 963.128 Thread 0x000001471dc28110 Exception <a 'java/lang/ArrayIndexOutOfBoundsException'{0x00000000a482c9a8}> (0x00000000a482c9a8) 
thrown [e:\jenkins\tmp\workspace\build\src\src\hotspot\share\runtime\sharedRuntime.cpp, line 628]
Event: 963.169 Thread 0x000001471dc28110 Exception <a 'java/lang/ArrayIndexOutOfBoundsException'{0x00000000a3ec92c8}> (0x00000000a3ec92c8) 
thrown [e:\jenkins\tmp\workspace\build\src\src\hotspot\share\runtime\sharedRuntime.cpp, line 628]
Event: 963.172 Thread 0x000001471dc28110 Exception <a 'java/lang/ArrayIndexOutOfBoundsException'{0x00000000a3ed8040}> (0x00000000a3ed8040) 
thrown [e:\jenkins\tmp\workspace\build\src\src\hotspot\share\runtime\sharedRuntime.cpp, line 628]
Event: 963.553 Thread 0x000001471dbeea40 Exception <a 'java/lang/ArrayIndexOutOfBoundsException'{0x00000000a3d96930}> (0x00000000a3d96930) 
thrown [e:\jenkins\tmp\workspace\build\src\src\hotspot\share\runtime\sharedRuntime.cpp, line 628]
Event: 963.553 Thread 0x000001471dbeea40 Exception <a 'java/lang/ArrayIndexOutOfBoundsException'{0x00000000a3d96ef8}> (0x00000000a3d96ef8) 
thrown [e:\jenkins\tmp\workspace\build\src\src\hotspot\share\runtime\sharedRuntime.cpp, line 628]
Event: 963.553 Thread 0x000001471dbeea40 Exception <a 'java/lang/ArrayIndexOutOfBoundsException'{0x00000000a3d974f0}> (0x00000000a3d974f0) 
thrown [e:\jenkins\tmp\workspace\build\src\src\hotspot\share\runtime\sharedRuntime.cpp, line 628]
Event: 963.553 Thread 0x000001471dbeea40 Exception <a 'java/lang/ArrayIndexOutOfBoundsException'{0x00000000a3d9f230}> (0x00000000a3d9f230) 
thrown [e:\jenkins\tmp\workspace\build\src\src\hotspot\share\runtime\sharedRuntime.cpp, line 628]
Event: 963.892 Thread 0x000001471dbeea40 Exception <a 'java/lang/ArrayIndexOutOfBoundsException'{0x00000000a3cb1c70}> (0x00000000a3cb1c70) 
thrown [e:\jenkins\tmp\workspace\build\src\src\hotspot\share\runtime\sharedRuntime.cpp, line 628]
Event: 963.892 Thread 0x000001471dbeea40 Exception <a 'java/lang/ArrayIndexOutOfBoundsException'{0x00000000a3cb2238}> (0x00000000a3cb2238) 
thrown [e:\jenkins\tmp\workspace\build\src\src\hotspot\share\runtime\sharedRuntime.cpp, line 628]
Event: 963.892 Thread 0x000001471dbeea40 Exception <a 'java/lang/ArrayIndexOutOfBoundsException'{0x00000000a3cb2830}> (0x00000000a3cb2830) 
thrown [e:\jenkins\tmp\workspace\build\src\src\hotspot\share\runtime\sharedRuntime.cpp, line 628]
Event: 963.892 Thread 0x000001471dbeea40 Exception <a 'java/lang/ArrayIndexOutOfBoundsException'{0x00000000a3cba580}> (0x00000000a3cba580) 
thrown [e:\jenkins\tmp\workspace\build\src\src\hotspot\share\runtime\sharedRuntime.cpp, line 628]
Event: 964.260 Thread 0x000001471dc28110 Exception <a 'java/lang/ArrayIndexOutOfBoundsException'{0x00000000a3a10af0}> (0x00000000a3a10af0) 
thrown [e:\jenkins\tmp\workspace\build\src\src\hotspot\share\runtime\sharedRuntime.cpp, line 628]
Event: 964.260 Thread 0x000001471dc28110 Exception <a 'java/lang/ArrayIndexOutOfBoundsException'{0x00000000a3a10e10}> (0x00000000a3a10e10) 
thrown [e:\jenkins\tmp\workspace\build\src\src\hotspot\share\runtime\sharedRuntime.cpp, line 628]
Event: 964.260 Thread 0x000001471dc28110 Exception <a 'java/lang/ArrayIndexOutOfBoundsException'{0x00000000a3a11160}> (0x00000000a3a11160) 
thrown [e:\jenkins\tmp\workspace\build\src\src\hotspot\share\runtime\sharedRuntime.cpp, line 628]
Event: 964.260 Thread 0x000001471dc28110 Exception <a 'java/lang/ArrayIndexOutOfBoundsException'{0x00000000a3a18bb8}> (0x00000000a3a18bb8) 
thrown [e:\jenkins\tmp\workspace\build\src\src\hotspot\share\runtime\sharedRuntime.cpp, line 628]
Event: 964.295 Thread 0x000001471dc28110 Exception <a 'java/lang/ArrayIndexOutOfBoundsException'{0x00000000a52bcd30}> (0x00000000a52bcd30) 
thrown [e:\jenkins\tmp\workspace\build\src\src\hotspot\share\runtime\sharedRuntime.cpp, line 628]
Event: 964.298 Thread 0x000001471dc28110 Exception <a 'java/lang/ArrayIndexOutOfBoundsException'{0x00000000a52cbaa8}> (0x00000000a52cbaa8) 
thrown [e:\jenkins\tmp\workspace\build\src\src\hotspot\share\runtime\sharedRuntime.cpp, line 628]

VM Operations (20 events):
Event: 933.763 Executing VM operation: Cleanup done
Event: 935.779 Executing VM operation: Cleanup
Event: 935.780 Executing VM operation: Cleanup done
Event: 936.275 Executing VM operation: G1CollectForAllocation
Event: 936.279 Executing VM operation: G1CollectForAllocation done
Event: 960.461 Executing VM operation: Cleanup
Event: 960.462 Executing VM operation: Cleanup done
Event: 961.470 Executing VM operation: Cleanup
Event: 961.470 Executing VM operation: Cleanup done
Event: 961.642 Executing VM operation: G1CollectForAllocation
Event: 961.645 Executing VM operation: G1CollectForAllocation done
Event: 962.657 Executing VM operation: Cleanup
Event: 962.657 Executing VM operation: Cleanup done
Event: 963.671 Executing VM operation: Cleanup
Event: 963.671 Executing VM operation: Cleanup done
Event: 964.270 Executing VM operation: G1CollectForAllocation
Event: 964.272 Executing VM operation: G1CollectForAllocation done
Event: 965.287 Executing VM operation: Cleanup
Event: 965.287 Executing VM operation: Cleanup done
Event: 997.109 Executing VM operation: G1CollectFull

Events (20 events):
Event: 808.896 Thread 0x000001471e252fb0 Thread added: 0x000001471e252fb0
Event: 813.912 loading class java/util/Spliterators$IntArraySpliterator
Event: 813.912 loading class java/util/Spliterators$IntArraySpliterator done
Event: 813.913 loading class java/util/stream/Nodes$IntSpinedNodeBuilder
Event: 813.914 loading class java/util/stream/Node$Builder$OfInt
Event: 813.914 loading class java/util/stream/Node$Builder$OfInt done
Event: 813.914 loading class java/util/stream/SpinedBuffer$OfInt
Event: 813.915 loading class java/util/stream/SpinedBuffer$OfPrimitive
Event: 813.915 loading class java/util/stream/SpinedBuffer$OfPrimitive done
Event: 813.915 loading class java/util/stream/SpinedBuffer$OfInt done
Event: 813.915 loading class java/util/stream/Nodes$IntSpinedNodeBuilder done
Event: 814.485 Thread 0x000001471e252fb0 Thread exited: 0x000001471e252fb0
Event: 910.780 Thread 0x000001471dc272a0 Thread exited: 0x000001471dc272a0
Event: 925.944 Thread 0x000001471e4131d0 Thread added: 0x000001471e4131d0
Event: 925.945 Thread 0x000001471e4136e0 Thread added: 0x000001471e4136e0
Event: 928.921 Thread 0x000001471e4136e0 Thread exited: 0x000001471e4136e0
Event: 930.765 Thread 0x000001471e4136e0 Thread added: 0x000001471e4136e0
Event: 931.409 Thread 0x000001471dc272a0 Thread added: 0x000001471dc272a0
Event: 932.711 Thread 0x000001471e4136e0 Thread exited: 0x000001471e4136e0
Event: 935.463 Thread 0x000001471e4131d0 Thread exited: 0x000001471e4131d0


Dynamic libraries:
0x00007ff6bbc10000 - 0x00007ff6bbc1e000 	c:\Users\Home\.vscode\extensions\redhat.java-1.5.0-win32-x64\jre\17.0.2-win32-x86_64\bin\java.exe
0x00007fff81d70000 - 0x00007fff81f65000 	C:\Windows\SYSTEM32\ntdll.dll
0x00007fff80f00000 - 0x00007fff80fbe000 	C:\Windows\System32\KERNEL32.DLL
0x00007fff7f870000 - 0x00007fff7fb38000 	C:\Windows\System32\KERNELBASE.dll
0x00007fff7f770000 - 0x00007fff7f870000 	C:\Windows\System32\ucrtbase.dll
0x00007fff780a0000 - 0x00007fff780b8000 	c:\Users\Home\.vscode\extensions\redhat.java-1.5.0-win32-x64\jre\17.0.2-win32-x86_64\bin\jli.dll
0x00007fff81710000 - 0x00007fff818b0000 	C:\Windows\System32\USER32.dll
0x00007fff7f740000 - 0x00007fff7f762000 	C:\Windows\System32\win32u.dll
0x00007fff81c20000 - 0x00007fff81c4a000 	C:\Windows\System32\GDI32.dll
0x00007fff7f580000 - 0x00007fff7f68b000 	C:\Windows\System32\gdi32full.dll
0x00007fff7f4e0000 - 0x00007fff7f57d000 	C:\Windows\System32\msvcp_win.dll
0x00007fff6d600000 - 0x00007fff6d619000 	c:\Users\Home\.vscode\extensions\redhat.java-1.5.0-win32-x64\jre\17.0.2-win32-x86_64\bin\VCRUNTIME140.dll
0x00007fff69280000 - 0x00007fff6951a000 	C:\Windows\WinSxS\amd64_microsoft.windows.common-controls_6595b64144ccf1df_6.0.19041.1110_none_60b5254171f9507e\COMCTL32.dll
0x00007fff7ffe0000 - 0x00007fff8007e000 	C:\Windows\System32\msvcrt.dll
0x00007fff7ff00000 - 0x00007fff7ff30000 	C:\Windows\System32\IMM32.DLL
0x00007fff7ad70000 - 0x00007fff7ad7c000 	c:\Users\Home\.vscode\extensions\redhat.java-1.5.0-win32-x64\jre\17.0.2-win32-x86_64\bin\vcruntime140_1.dll
0x00007fff51ad0000 - 0x00007fff51b61000 	c:\Users\Home\.vscode\extensions\redhat.java-1.5.0-win32-x64\jre\17.0.2-win32-x86_64\bin\msvcp140.dll
0x00007fff4b830000 - 0x00007fff4c477000 	c:\Users\Home\.vscode\extensions\redhat.java-1.5.0-win32-x64\jre\17.0.2-win32-x86_64\bin\server\jvm.dll
0x00007fff7ff30000 - 0x00007fff7ffde000 	C:\Windows\System32\ADVAPI32.dll
0x00007fff81670000 - 0x00007fff8170c000 	C:\Windows\System32\sechost.dll
0x00007fff81910000 - 0x00007fff81a35000 	C:\Windows\System32\RPCRT4.dll
0x00007fff81490000 - 0x00007fff81498000 	C:\Windows\System32\PSAPI.DLL
0x00007fff62a10000 - 0x00007fff62a19000 	C:\Windows\SYSTEM32\WSOCK32.dll
0x00007fff80cd0000 - 0x00007fff80d3b000 	C:\Windows\System32\WS2_32.dll
0x00007fff76600000 - 0x00007fff76627000 	C:\Windows\SYSTEM32\WINMM.dll
0x00007fff779f0000 - 0x00007fff779fa000 	C:\Windows\SYSTEM32\VERSION.dll
0x00007fff7d370000 - 0x00007fff7d382000 	C:\Windows\SYSTEM32\kernel.appcore.dll
0x00007fff78e10000 - 0x00007fff78e1a000 	c:\Users\Home\.vscode\extensions\redhat.java-1.5.0-win32-x64\jre\17.0.2-win32-x86_64\bin\jimage.dll
0x00007fff63c70000 - 0x00007fff63e54000 	C:\Windows\SYSTEM32\DBGHELP.DLL
0x00007fff63ab0000 - 0x00007fff63adc000 	C:\Windows\SYSTEM32\dbgcore.DLL
0x00007fff7fb40000 - 0x00007fff7fbc2000 	C:\Windows\System32\bcryptPrimitives.dll
0x00007fff6a7d0000 - 0x00007fff6a7f5000 	c:\Users\Home\.vscode\extensions\redhat.java-1.5.0-win32-x64\jre\17.0.2-win32-x86_64\bin\java.dll
0x00007fff6d3f0000 - 0x00007fff6d408000 	c:\Users\Home\.vscode\extensions\redhat.java-1.5.0-win32-x64\jre\17.0.2-win32-x86_64\bin\zip.dll
0x00007fff80160000 - 0x00007fff808a4000 	C:\Windows\System32\SHELL32.dll
0x00007fff7d570000 - 0x00007fff7dd04000 	C:\Windows\SYSTEM32\windows.storage.dll
0x00007fff80970000 - 0x00007fff80cc4000 	C:\Windows\System32\combase.dll
0x00007fff7ee30000 - 0x00007fff7ee5c000 	C:\Windows\SYSTEM32\Wldp.dll
0x00007fff80080000 - 0x00007fff8012d000 	C:\Windows\System32\SHCORE.dll
0x00007fff80fc0000 - 0x00007fff81015000 	C:\Windows\System32\shlwapi.dll
0x00007fff7f3d0000 - 0x00007fff7f3ef000 	C:\Windows\SYSTEM32\profapi.dll
0x00007fff6b310000 - 0x00007fff6b329000 	C:\Users\Home\.vscode\extensions\redhat.java-1.5.0-win32-x64\jre\17.0.2-win32-x86_64\bin\net.dll
0x00007fff71e90000 - 0x00007fff71f9a000 	C:\Windows\SYSTEM32\WINHTTP.dll
0x00007fff7eb40000 - 0x00007fff7ebaa000 	C:\Windows\system32\mswsock.dll
0x00007fff6a9c0000 - 0x00007fff6a9d5000 	C:\Users\Home\.vscode\extensions\redhat.java-1.5.0-win32-x64\jre\17.0.2-win32-x86_64\bin\nio.dll
0x00007fff78130000 - 0x00007fff78140000 	c:\Users\Home\.vscode\extensions\redhat.java-1.5.0-win32-x64\jre\17.0.2-win32-x86_64\bin\verify.dll
0x00007fff796a0000 - 0x00007fff796a9000 	C:\Users\Home\.vscode\extensions\redhat.java-1.5.0-win32-x64\jre\17.0.2-win32-x86_64\bin\management.dll
0x00007fff79690000 - 0x00007fff7969b000 	C:\Users\Home\.vscode\extensions\redhat.java-1.5.0-win32-x64\jre\17.0.2-win32-x86_64\bin\management_ext.dll
0x00007fff75c60000 - 0x00007fff75c77000 	C:\Windows\system32\napinsp.dll
0x00007fff75970000 - 0x00007fff7598b000 	C:\Windows\system32\pnrpnsp.dll
0x00007fff79b40000 - 0x00007fff79b55000 	C:\Windows\system32\wshbth.dll
0x00007fff7ab50000 - 0x00007fff7ab6d000 	C:\Windows\system32\NLAapi.dll
0x00007fff7e840000 - 0x00007fff7e87b000 	C:\Windows\SYSTEM32\IPHLPAPI.DLL
0x00007fff7e880000 - 0x00007fff7e94b000 	C:\Windows\SYSTEM32\DNSAPI.dll
0x00007fff80150000 - 0x00007fff80158000 	C:\Windows\System32\NSI.dll
0x00007fff6dae0000 - 0x00007fff6daf2000 	C:\Windows\System32\winrnr.dll
0x00007fff77630000 - 0x00007fff7763a000 	C:\Windows\System32\rasadhlp.dll
0x00007fff700b0000 - 0x00007fff7012f000 	C:\Windows\System32\fwpuclnt.dll
0x00007fff7fbd0000 - 0x00007fff7fbf7000 	C:\Windows\System32\bcrypt.dll
0x00007fff7ed00000 - 0x00007fff7ed18000 	C:\Windows\SYSTEM32\CRYPTSP.dll
0x00007fff7e4d0000 - 0x00007fff7e504000 	C:\Windows\system32\rsaenh.dll
0x00007fff7f390000 - 0x00007fff7f3be000 	C:\Windows\SYSTEM32\USERENV.dll
0x00007fff7ecf0000 - 0x00007fff7ecfc000 	C:\Windows\SYSTEM32\CRYPTBASE.dll
0x00007fff77610000 - 0x00007fff77627000 	C:\Windows\SYSTEM32\dhcpcsvc6.DLL
0x00007fff77b70000 - 0x00007fff77b8d000 	C:\Windows\SYSTEM32\dhcpcsvc.DLL

dbghelp: loaded successfully - version: 4.0.5 - missing functions: none
symbol engine: initialized successfully - sym options: 0x614 - pdb path: .;c:\Users\Home\.vscode\extensions\redhat.java-1.5.0-win32-x64\jre\17.0.2-win32-x86_64\bin;C:\Windows\SYSTEM32;C:\Windows\WinSxS\amd64_microsoft.windows.common-controls_6595b64144ccf1df_6.0.19041.1110_none_60b5254171f9507e;c:\Users\Home\.vscode\extensions\redhat.java-1.5.0-win32-x64\jre\17.0.2-win32-x86_64\bin\server

VM Arguments:
jvm_args: -Dsts.lsp.client=vscode -Dsts.log.file=/dev/null -XX:TieredStopAtLevel=1 -Dspring.config.location=file:c:\Users\Home\.vscode\extensions\pivotal.vscode-spring-boot-1.33.0\language-server\BOOT-INF\classes\application.properties 
java_command: org.springframework.ide.vscode.boot.app.BootLanguageServerBootApp
java_class_path (initial): c:\Users\Home\.vscode\extensions\pivotal.vscode-spring-boot-1.33.0\language-server\BOOT-INF\classes;c:\Users\Home\.vscode\extensions\pivotal.vscode-spring-boot-1.33.0\language-server\BOOT-INF\lib\antlr4-runtime-4.5.3.jar;c:\Users\Home\.vscode\extensions\pivotal.vscode-spring-boot-1.33.0\language-server\BOOT-INF\lib\byte-buddy-1.10.18.jar;c:\Users\Home\.vscode\extensions\pivotal.vscode-spring-boot-1.33.0\language-server\BOOT-INF\lib\commons-codec-1.14.jar;c:\Users\Home\.vscode\extensions\pivotal.vscode-spring-boot-1.33.0\language-server\BOOT-INF\lib\commons-io-2.4.jar;c:\Users\Home\.vscode\extensions\pivotal.vscode-spring-boot-1.33.0\language-server\BOOT-INF\lib\commons-java-1.33.0-SNAPSHOT.jar;c:\Users\Home\.vscode\extensions\pivotal.vscode-spring-boot-1.33.0\language-server\BOOT-INF\lib\commons-lang3-3.10.jar;c:\Users\Home\.vscode\extensions\pivotal.vscode-spring-boot-1.33.0\language-server\BOOT-INF\lib\commons-language-server-1.33.0-SNAPSHOT.jar;c:\Users\Home\.vscode\extensions\pivotal.vscode-spring-boot-1.33.0\language-server\BOOT-INF\lib\commons-lsp-extensions-1.33.0-SNAPSHOT.jar;c:\Users\Home\.vscode\extensions\pivotal.vscode-spring-boot-1.33.0\language-server\BOOT-INF\lib\commons-util-1.33.0-SNAPSHOT.jar;c:\Users\Home\.vscode\extensions\pivotal.vscode-spring-boot-1.33.0\language-server\BOOT-INF\lib\commons-yaml-1.33.0-SNAPSHOT.jar;c:\Users\Home\.vscode\extensions\pivotal.vscode-spring-boot-1.33.0\language-server\BOOT-INF\lib\gson-2.8.6.jar;c:\Users\Home\.vscode\extensions\pivotal.vscode-spring-boot-1.33.0\language-server\BOOT-INF\lib\guava-19.0.jar;c:\Users\Home\.vscode\extensions\pivotal.vscode-spring-boot-1.33.0\language-server\BOOT-INF\lib\jakarta.annotation-api-1.3.5.jar;c:\Users\Home\.vscode\extensions\pivotal.vscode-spring-boot-1.33.0\language-server\BOOT-INF\lib\jandex-2.0.5.Final.jar;c:\Users\Home\.vscode\extensions\pivotal.vscode-spring-boot-1.33.0\language-server\BOOT-INF\lib\java-properties-1.33.0-SNAPSHOT.jar;c:\Users\H
Launcher Type: SUN_STANDARD

[Global flags]
     intx CICompilerCount                          = 4                                         {product} {ergonomic}
     uint ConcGCThreads                            = 2                                         {product} {ergonomic}
     uint G1ConcRefinementThreads                  = 8                                         {product} {ergonomic}
   size_t G1HeapRegionSize                         = 1048576                                   {product} {ergonomic}
    uintx GCDrainStackTargetSize                   = 64                                        {product} {ergonomic}
   size_t InitialHeapSize                          = 100663296                                 {product} {ergonomic}
   size_t MarkStackSize                            = 4194304                                   {product} {ergonomic}
   size_t MaxHeapSize                              = 1589641216                                {product} {ergonomic}
   size_t MaxNewSize                               = 953155584                                 {product} {ergonomic}
   size_t MinHeapDeltaBytes                        = 1048576                                   {product} {ergonomic}
   size_t MinHeapSize                              = 8388608                                   {product} {ergonomic}
    uintx NonProfiledCodeHeapSize                  = 0                                      {pd product} {ergonomic}
     bool ProfileInterpreter                       = false                                  {pd product} {command line}
    uintx ProfiledCodeHeapSize                     = 0                                      {pd product} {ergonomic}
   size_t SoftMaxHeapSize                          = 1589641216                             {manageable} {ergonomic}
     intx TieredStopAtLevel                        = 1                                         {product} {command line}
     bool UseCompressedClassPointers               = true                           {product lp64_product} {ergonomic}
     bool UseCompressedOops                        = true                           {product lp64_product} {ergonomic}
     bool UseG1GC                                  = true                                      {product} {ergonomic}
     bool UseLargePagesIndividualAllocation        = false                                  {pd product} {ergonomic}

Logging:
Log output configuration:
 #0: stdout all=warning uptime,level,tags
 #1: stderr all=off uptime,level,tags

Environment Variables:
PATH=C:\Program Files\Common Files\Oracle\Java\javapath;C:\Program Files\Eclipse Adoptium\jdk-17.0.2.8-hotspot\bin;C:\Windows\system32;C:\Windows;C:\Windows\System32\Wbem;C:\Windows\System32\WindowsPowerShell\v1.0\;C:\Windows\System32\OpenSSH\;C:\Program Files (x86)\NVIDIA Corporation\PhysX\Common;C:\Program Files\Git\cmd;C:\Program Files\dotnet\;C:\Program Files\Microsoft SQL Server\Client SDK\ODBC\170\Tools\Binn\;C:\Program Files\Microsoft SQL Server\150\Tools\Binn\;C:\Users\Home\AppData\Local\Microsoft\WindowsApps;C:\Program Files\JetBrains\IntelliJ IDEA Community Edition 2021.2.1\bin;;C:\Users\Home\AppData\Local\GitHubDesktop\bin;C:\Users\Home\AppData\Local\Programs\Microsoft VS Code\bin;C:\Users\Home\.dotnet\tools
USERNAME=Home
OS=Windows_NT
PROCESSOR_IDENTIFIER=AMD64 Family 23 Model 24 Stepping 1, AuthenticAMD



---------------  S Y S T E M  ---------------

OS:
 Windows 10 , 64 bit Build 19041 (10.0.19041.1645)
OS uptime: 6 days 2:18 hours
Hyper-V role detected

CPU: total 8 (initial active 8) (8 cores per cpu, 2 threads per core) family 23 model 24 stepping 1 microcode 0x0, cx8, cmov, fxsr, ht, mmx, 3dnowpref, sse, sse2, sse3, ssse3, sse4a, sse4.1, sse4.2, popcnt, lzcnt, tsc, tscinvbit, avx, avx2, aes, clmul, bmi1, bmi2, adx, sha, fma, vzeroupper, clflush, clflushopt, hv

Memory: 4k page, system-wide physical 6061M (712M free)
TotalPageFile size 24493M (AvailPageFile size 9M)
current process WorkingSet (physical memory assigned to process): 162M, peak: 172M
current process commit charge ("private bytes"): 208M, peak: 221M

vm_info: OpenJDK 64-Bit Server VM (17.0.2+8) for windows-amd64 JRE (17.0.2+8), built on Jan 20 2022 04:52:34 by "" with MS VC++ 16.7 (VS2019)

END.
